Flow report for proj2
Thu May 19 16:00:31 2011
Quartus II Version 9.0 Build 132 02/25/2009 SJ Full Version


---------------------
; Table of Contents ;
---------------------
  1. Legal Notice
  2. Flow Summary
  3. Flow Settings
  4. Flow Non-Default Global Settings
  5. Flow Elapsed Time
  6. Flow OS Summary
  7. Flow Log



----------------
; Legal Notice ;
----------------
Copyright (C) 1991-2009 Altera Corporation
Your use of Altera Corporation's design tools, logic functions 
and other software and tools, and its AMPP partner logic 
functions, and any output files from any of the foregoing 
(including device programming or simulation files), and any 
associated documentation or information are expressly subject 
to the terms and conditions of the Altera Program License 
Subscription Agreement, Altera MegaCore Function License 
Agreement, or other applicable license agreement, including, 
without limitation, that your use is for the sole purpose of 
programming logic devices manufactured by Altera and sold by 
Altera or its authorized distributors.  Please refer to the 
applicable agreement for further details.



+--------------------------------------------------------------------------+
; Flow Summary                                                             ;
+-------------------------------+------------------------------------------+
; Flow Status                   ; Successful - Thu May 19 16:00:30 2011    ;
; Quartus II Version            ; 9.0 Build 132 02/25/2009 SJ Full Version ;
; Revision Name                 ; proj2                                    ;
; Top-level Entity Name         ; proj2                                    ;
; Family                        ; Stratix II                               ;
; Met timing requirements       ; No                                       ;
; Logic utilization             ; 6 %                                      ;
;     Combinational ALUTs       ; 424 / 12,480 ( 3 % )                     ;
;     Dedicated logic registers ; 407 / 12,480 ( 3 % )                     ;
; Total registers               ; 407                                      ;
; Total pins                    ; 179 / 343 ( 52 % )                       ;
; Total virtual pins            ; 0                                        ;
; Total block memory bits       ; 10,240 / 419,328 ( 2 % )                 ;
; DSP block 9-bit elements      ; 0 / 96 ( 0 % )                           ;
; Total PLLs                    ; 0 / 6 ( 0 % )                            ;
; Total DLLs                    ; 0 / 2 ( 0 % )                            ;
; Device                        ; EP2S15F484C3                             ;
; Timing Models                 ; Final                                    ;
+-------------------------------+------------------------------------------+


+-----------------------------------------+
; Flow Settings                           ;
+-------------------+---------------------+
; Option            ; Setting             ;
+-------------------+---------------------+
; Start date & time ; 05/19/2011 15:57:49 ;
; Main task         ; Compilation         ;
; Revision Name     ; proj2               ;
+-------------------+---------------------+


+------------------------------------------------------------------------------------------------------------------+
; Flow Non-Default Global Settings                                                                                 ;
+------------------------------------+------------------------------+---------------+-------------+----------------+
; Assignment Name                    ; Value                        ; Default Value ; Entity Name ; Section Id     ;
+------------------------------------+------------------------------+---------------+-------------+----------------+
; COMPILER_SIGNATURE_ID              ; 114365614104.130584586805640 ; --            ; --          ; --             ;
; EDA_OUTPUT_DATA_FORMAT             ; Verilog Hdl                  ; --            ; --          ; eda_simulation ;
; EDA_SIMULATION_TOOL                ; ModelSim-Altera (Verilog)    ; <None>        ; --          ; --             ;
; EDA_TIME_SCALE                     ; 1 ps                         ; --            ; --          ; eda_simulation ;
; IP_TOOL_NAME                       ; LPM_FF                       ; --            ; --          ; --             ;
; IP_TOOL_NAME                       ; LPM_FF                       ; --            ; --          ; --             ;
; IP_TOOL_NAME                       ; LPM_FF                       ; --            ; --          ; --             ;
; IP_TOOL_NAME                       ; LPM_FF                       ; --            ; --          ; --             ;
; IP_TOOL_NAME                       ; LPM_FF                       ; --            ; --          ; --             ;
; IP_TOOL_NAME                       ; LPM_FF                       ; --            ; --          ; --             ;
; IP_TOOL_NAME                       ; LPM_FF                       ; --            ; --          ; --             ;
; IP_TOOL_NAME                       ; LPM_CONSTANT                 ; --            ; --          ; --             ;
; IP_TOOL_NAME                       ; LPM_MUX                      ; --            ; --          ; --             ;
; IP_TOOL_NAME                       ; LPM_CONSTANT                 ; --            ; --          ; --             ;
; IP_TOOL_NAME                       ; LPM_ADD_SUB                  ; --            ; --          ; --             ;
; IP_TOOL_NAME                       ; LPM_CONSTANT                 ; --            ; --          ; --             ;
; IP_TOOL_VERSION                    ; 9.0                          ; --            ; --          ; --             ;
; IP_TOOL_VERSION                    ; 9.0                          ; --            ; --          ; --             ;
; IP_TOOL_VERSION                    ; 9.0                          ; --            ; --          ; --             ;
; IP_TOOL_VERSION                    ; 9.0                          ; --            ; --          ; --             ;
; IP_TOOL_VERSION                    ; 9.0                          ; --            ; --          ; --             ;
; IP_TOOL_VERSION                    ; 9.0                          ; --            ; --          ; --             ;
; IP_TOOL_VERSION                    ; 9.0                          ; --            ; --          ; --             ;
; IP_TOOL_VERSION                    ; 9.0                          ; --            ; --          ; --             ;
; IP_TOOL_VERSION                    ; 9.0                          ; --            ; --          ; --             ;
; IP_TOOL_VERSION                    ; 9.0                          ; --            ; --          ; --             ;
; IP_TOOL_VERSION                    ; 9.0                          ; --            ; --          ; --             ;
; IP_TOOL_VERSION                    ; 9.0                          ; --            ; --          ; --             ;
; MISC_FILE                          ; lpm_ff0.bsf                  ; --            ; --          ; --             ;
; MISC_FILE                          ; lpm_ff0_bb.v                 ; --            ; --          ; --             ;
; MISC_FILE                          ; lpm_ff1.bsf                  ; --            ; --          ; --             ;
; MISC_FILE                          ; lpm_ff1_bb.v                 ; --            ; --          ; --             ;
; MISC_FILE                          ; lpm_dff2.bsf                 ; --            ; --          ; --             ;
; MISC_FILE                          ; lpm_dff2_bb.v                ; --            ; --          ; --             ;
; MISC_FILE                          ; lpm_dff4.bsf                 ; --            ; --          ; --             ;
; MISC_FILE                          ; lpm_dff4_bb.v                ; --            ; --          ; --             ;
; MISC_FILE                          ; lpm_dff5.bsf                 ; --            ; --          ; --             ;
; MISC_FILE                          ; lpm_dff5_bb.v                ; --            ; --          ; --             ;
; MISC_FILE                          ; lpm_dff6.bsf                 ; --            ; --          ; --             ;
; MISC_FILE                          ; lpm_dff6_bb.v                ; --            ; --          ; --             ;
; MISC_FILE                          ; lpm_dff7.bsf                 ; --            ; --          ; --             ;
; MISC_FILE                          ; lpm_dff7_bb.v                ; --            ; --          ; --             ;
; MISC_FILE                          ; lpm_constant4.bsf            ; --            ; --          ; --             ;
; MISC_FILE                          ; lpm_constant4_bb.v           ; --            ; --          ; --             ;
; MISC_FILE                          ; lpm_constant4.inc            ; --            ; --          ; --             ;
; MISC_FILE                          ; lpm_mux6.bsf                 ; --            ; --          ; --             ;
; MISC_FILE                          ; lpm_mux6_bb.v                ; --            ; --          ; --             ;
; MISC_FILE                          ; lpm_mux6.inc                 ; --            ; --          ; --             ;
; MISC_FILE                          ; lpm_constant5.bsf            ; --            ; --          ; --             ;
; MISC_FILE                          ; lpm_constant5_bb.v           ; --            ; --          ; --             ;
; MISC_FILE                          ; lpm_constant5.inc            ; --            ; --          ; --             ;
; MISC_FILE                          ; X:/cs154/proj2/proj2.dpf     ; --            ; --          ; --             ;
; MISC_FILE                          ; lpm_add_sub2.bsf             ; --            ; --          ; --             ;
; MISC_FILE                          ; lpm_add_sub2_bb.v            ; --            ; --          ; --             ;
; MISC_FILE                          ; lpm_constant6.bsf            ; --            ; --          ; --             ;
; MISC_FILE                          ; lpm_constant6_bb.v           ; --            ; --          ; --             ;
; PARTITION_COLOR                    ; 16764057                     ; --            ; --          ; Top            ;
; PARTITION_NETLIST_TYPE             ; SOURCE                       ; --            ; --          ; Top            ;
; USE_GENERATED_PHYSICAL_CONSTRAINTS ; Off                          ; --            ; --          ; eda_blast_fpga ;
+------------------------------------+------------------------------+---------------+-------------+----------------+


+-----------------------------------------------------------------------------------------------------------------------------+
; Flow Elapsed Time                                                                                                           ;
+-------------------------+--------------+-------------------------+---------------------+------------------------------------+
; Module Name             ; Elapsed Time ; Average Processors Used ; Peak Virtual Memory ; Total CPU Time (on all processors) ;
+-------------------------+--------------+-------------------------+---------------------+------------------------------------+
; Analysis & Synthesis    ; 00:01:20     ; 1.0                     ; 188 MB              ; 00:00:12                           ;
; Fitter                  ; 00:00:19     ; 1.3                     ; 239 MB              ; 00:00:12                           ;
; Assembler               ; 00:00:11     ; 1.0                     ; 196 MB              ; 00:00:05                           ;
; Classic Timing Analyzer ; 00:00:08     ; 1.0                     ; 135 MB              ; 00:00:01                           ;
; EDA Netlist Writer      ; 00:00:12     ; 1.0                     ; 135 MB              ; 00:00:01                           ;
; Total                   ; 00:02:10     ; --                      ; --                  ; 00:00:31                           ;
+-------------------------+--------------+-------------------------+---------------------+------------------------------------+


+---------------------------------------------------------------------------------------+
; Flow OS Summary                                                                       ;
+-------------------------+------------------+------------+------------+----------------+
; Module Name             ; Machine Hostname ; OS Name    ; OS Version ; Processor type ;
+-------------------------+------------------+------------+------------+----------------+
; Analysis & Synthesis    ; 556eci03         ; Windows XP ; 5.1        ; i686           ;
; Fitter                  ; 556eci03         ; Windows XP ; 5.1        ; i686           ;
; Assembler               ; 556eci03         ; Windows XP ; 5.1        ; i686           ;
; Classic Timing Analyzer ; 556eci03         ; Windows XP ; 5.1        ; i686           ;
; EDA Netlist Writer      ; 556eci03         ; Windows XP ; 5.1        ; i686           ;
+-------------------------+------------------+------------+------------+----------------+


------------
; Flow Log ;
------------
quartus_map --read_settings_files=on --write_settings_files=off proj2 -c proj2
quartus_fit --read_settings_files=off --write_settings_files=off proj2 -c proj2
quartus_asm --read_settings_files=off --write_settings_files=off proj2 -c proj2
quartus_tan --read_settings_files=off --write_settings_files=off proj2 -c proj2 --timing_analysis_only
quartus_eda --read_settings_files=off --write_settings_files=off proj2 -c proj2



